C:\Program Files (x86)\Microsoft Visual Studio\2017\Community\Common7\IDE\VC\VCTargets\Microsoft.CppBuild.targets(391,5): warning MSB8028: The intermediate directory (Debug\) contains files shared from another project (stat232a.vcxproj).  This can lead to incorrect clean and rebuild behavior.
  AOG_part.cpp
e:\courses\stat232b\stat232b\aog_part_local\stat232a\aog.h(1428): warning C4018: '<': signed/unsigned mismatch
  e:\courses\stat232b\stat232b\aog_part_local\stat232a\aog.h(1381): note: while compiling class template member function 'void AOG_LIB::AOG<StateType,AttributeType>::Visualize(std::string,std::string,bool)'
          with
          [
              StateType=std::string,
              AttributeType=std::string
          ]
  e:\courses\stat232b\stat232b\aog_part_local\stat232a\aog_part.cpp(306): note: see reference to function template instantiation 'void AOG_LIB::AOG<StateType,AttributeType>::Visualize(std::string,std::string,bool)' being compiled
          with
          [
              StateType=std::string,
              AttributeType=std::string
          ]
  e:\courses\stat232b\stat232b\aog_part_local\stat232a\aog_part.cpp(60): note: see reference to class template instantiation 'AOG_LIB::AOG<StateType,AttributeType>' being compiled
          with
          [
              StateType=std::string,
              AttributeType=std::string
          ]
e:\courses\stat232b\stat232b\aog_part_local\stat232a\aog.h(1419): warning C4101: 'a': unreferenced local variable
e:\courses\stat232b\stat232b\aog_part_local\stat232a\aog.h(1509): warning C4018: '<': signed/unsigned mismatch
  e:\courses\stat232b\stat232b\aog_part_local\stat232a\aog.h(1458): note: while compiling class template member function 'void AOG_LIB::AOG<StateType,AttributeType>::SaveGraph(std::string,std::string)'
          with
          [
              StateType=std::string,
              AttributeType=std::string
          ]
  e:\courses\stat232b\stat232b\aog_part_local\stat232a\aog_part.cpp(305): note: see reference to function template instantiation 'void AOG_LIB::AOG<StateType,AttributeType>::SaveGraph(std::string,std::string)' being compiled
          with
          [
              StateType=std::string,
              AttributeType=std::string
          ]
e:\courses\stat232b\stat232b\aog_part_local\stat232a\aog.h(1259): warning C4018: '<': signed/unsigned mismatch
  e:\courses\stat232b\stat232b\aog_part_local\stat232a\aog.h(1231): note: while compiling class template member function 'void AOG_LIB::AOG<StateType,AttributeType>::TruncateGraph(void)'
          with
          [
              StateType=std::string,
              AttributeType=std::string
          ]
  e:\courses\stat232b\stat232b\aog_part_local\stat232a\aog.h(1387): note: see reference to function template instantiation 'void AOG_LIB::AOG<StateType,AttributeType>::TruncateGraph(void)' being compiled
          with
          [
              StateType=std::string,
              AttributeType=std::string
          ]
  e:\courses\stat232b\stat232b\aog_part_local\stat232a\aog.h(730): note: while compiling class template member function 'bool AOG_LIB::AOG<StateType,AttributeType>::AddEdge(const AOG_LIB::VertexId,const AOG_LIB::VertexId,const std::shared_ptr<AOG_LIB::AOG_Edge>,bool,int)'
          with
          [
              StateType=std::string,
              AttributeType=std::string
          ]
e:\courses\stat232b\stat232b\aog_part_local\stat232a\aog.h(1304): warning C4018: '<': signed/unsigned mismatch
e:\courses\stat232b\stat232b\aog_part_local\stat232a\symbolic_rule.h(89): warning C4018: '<': signed/unsigned mismatch
  e:\courses\stat232b\stat232b\aog_part_local\stat232a\symbolic_rule.h(83): note: while compiling class template member function 'bool AOG_LIB::Symbolic_Rule<StateType>::operator ==(const AOG_LIB::Symbolic_Rule<StateType> &) const'
          with
          [
              StateType=std::string
          ]
  c:\program files (x86)\microsoft visual studio\2017\community\vc\tools\msvc\14.16.27023\include\xstddef(99): note: see reference to function template instantiation 'bool AOG_LIB::Symbolic_Rule<StateType>::operator ==(const AOG_LIB::Symbolic_Rule<StateType> &) const' being compiled
          with
          [
              StateType=std::string
          ]
  c:\program files (x86)\microsoft visual studio\2017\community\vc\tools\msvc\14.16.27023\include\xmemory0(1136): note: see reference to function template instantiation 'void std::_Default_allocator_traits<_Alloc>::destroy<_Ty>(_Alloc &,_Uty *const )' being compiled
          with
          [
              _Alloc=std::allocator<AOG_LIB::Symbolic_Rule<std::string>>,
              _Ty=AOG_LIB::Symbolic_Rule<std::string>,
              _Uty=AOG_LIB::Symbolic_Rule<std::string>
          ]
  c:\program files (x86)\microsoft visual studio\2017\community\vc\tools\msvc\14.16.27023\include\xmemory0(1136): note: see reference to function template instantiation 'void std::_Default_allocator_traits<_Alloc>::destroy<_Ty>(_Alloc &,_Uty *const )' being compiled
          with
          [
              _Alloc=std::allocator<AOG_LIB::Symbolic_Rule<std::string>>,
              _Ty=AOG_LIB::Symbolic_Rule<std::string>,
              _Uty=AOG_LIB::Symbolic_Rule<std::string>
          ]
  c:\program files (x86)\microsoft visual studio\2017\community\vc\tools\msvc\14.16.27023\include\xmemory0(1160): note: see reference to function template instantiation 'void std::_Destroy_range1<_Alloc>(AOG_LIB::Symbolic_Rule<StateType> *,AOG_LIB::Symbolic_Rule<StateType> *,_Alloc &,std::false_type)' being compiled
          with
          [
              _Alloc=std::allocator<AOG_LIB::Symbolic_Rule<std::string>>,
              StateType=std::string
          ]
  c:\program files (x86)\microsoft visual studio\2017\community\vc\tools\msvc\14.16.27023\include\vector(1849): note: see reference to function template instantiation 'void std::_Destroy_range<std::allocator<_Kty>>(AOG_LIB::Symbolic_Rule<StateType> *,AOG_LIB::Symbolic_Rule<StateType> *,_Alloc &)' being compiled
          with
          [
              _Kty=AOG_LIB::Symbolic_Rule<std::string>,
              StateType=std::string,
              _Alloc=std::allocator<AOG_LIB::Symbolic_Rule<std::string>>
          ]
  c:\program files (x86)\microsoft visual studio\2017\community\vc\tools\msvc\14.16.27023\include\vector(1848): note: while compiling class template member function 'void std::vector<AOG_LIB::Symbolic_Rule<StateType>,std::allocator<_Kty>>::_Destroy(AOG_LIB::Symbolic_Rule<StateType> *,AOG_LIB::Symbolic_Rule<StateType> *)'
          with
          [
              StateType=std::string,
              _Kty=AOG_LIB::Symbolic_Rule<std::string>
          ]
  c:\program files (x86)\microsoft visual studio\2017\community\vc\tools\msvc\14.16.27023\include\vector(1915): note: see reference to function template instantiation 'void std::vector<AOG_LIB::Symbolic_Rule<StateType>,std::allocator<_Kty>>::_Destroy(AOG_LIB::Symbolic_Rule<StateType> *,AOG_LIB::Symbolic_Rule<StateType> *)' being compiled
          with
          [
              StateType=std::string,
              _Kty=AOG_LIB::Symbolic_Rule<std::string>
          ]
  e:\courses\stat232b\stat232b\aog_part_local\stat232a\aog_part.cpp(80): note: see reference to class template instantiation 'std::vector<AOG_LIB::Symbolic_Rule<StateType>,std::allocator<_Kty>>' being compiled
          with
          [
              StateType=std::string,
              _Kty=AOG_LIB::Symbolic_Rule<std::string>
          ]
e:\courses\stat232b\stat232b\aog_part_local\stat232a\core\graph.hpp(330): warning C4018: '<': signed/unsigned mismatch
  e:\courses\stat232b\stat232b\aog_part_local\stat232a\core\graph.hpp(313): note: while compiling class template member function 'AOG_LIB::Graph<AOG_LIB::AOG_Vertex<std::string,std::string>,AOG_LIB::AOG_Edge>::Graph(const AOG_LIB::Graph<AOG_LIB::AOG_Vertex<std::string,std::string>,AOG_LIB::AOG_Edge> &)'
  e:\courses\stat232b\stat232b\aog_part_local\stat232a\aog.h(373): note: see reference to function template instantiation 'AOG_LIB::Graph<AOG_LIB::AOG_Vertex<std::string,std::string>,AOG_LIB::AOG_Edge>::Graph(const AOG_LIB::Graph<AOG_LIB::AOG_Vertex<std::string,std::string>,AOG_LIB::AOG_Edge> &)' being compiled
  e:\courses\stat232b\stat232b\aog_part_local\stat232a\aog.h(373): note: while compiling class template member function 'AOG_LIB::AOG<StateType,AttributeType>::AOG(const AOG_LIB::AOG<StateType,AttributeType> &)'
          with
          [
              StateType=std::string,
              AttributeType=std::string
          ]
  c:\program files (x86)\microsoft visual studio\2017\community\vc\tools\msvc\14.16.27023\include\memory(1801): note: see reference to function template instantiation 'AOG_LIB::AOG<StateType,AttributeType>::AOG(const AOG_LIB::AOG<StateType,AttributeType> &)' being compiled
          with
          [
              StateType=std::string,
              AttributeType=std::string
          ]
  e:\courses\stat232b\stat232b\aog_part_local\stat232a\aog.h(905): note: while compiling class template member function 'bool AOG_LIB::AOG<StateType,AttributeType>::ExistRule(const AOG_LIB::Symbolic_Rule<StateType> &)'
          with
          [
              StateType=std::string,
              AttributeType=std::string
          ]
  e:\courses\stat232b\stat232b\aog_part_local\stat232a\aog.h(916): note: see reference to function template instantiation 'bool AOG_LIB::AOG<StateType,AttributeType>::ExistRule(const AOG_LIB::Symbolic_Rule<StateType> &)' being compiled
          with
          [
              StateType=std::string,
              AttributeType=std::string
          ]
  e:\courses\stat232b\stat232b\aog_part_local\stat232a\aog.h(549): note: while compiling class template member function 'std::vector<AOG_LIB::Symbolic_Rule<StateType>,std::allocator<_Kty>> AOG_LIB::AOG<StateType,AttributeType>::GetRules(void) const'
          with
          [
              StateType=std::string,
              _Kty=AOG_LIB::Symbolic_Rule<std::string>,
              AttributeType=std::string
          ]
  e:\courses\stat232b\stat232b\aog_part_local\stat232a\aog.h(1459): note: see reference to function template instantiation 'std::vector<AOG_LIB::Symbolic_Rule<StateType>,std::allocator<_Kty>> AOG_LIB::AOG<StateType,AttributeType>::GetRules(void) const' being compiled
          with
          [
              StateType=std::string,
              _Kty=AOG_LIB::Symbolic_Rule<std::string>,
              AttributeType=std::string
          ]
e:\courses\stat232b\stat232b\aog_part_local\stat232a\core\graph.hpp(333): warning C4018: '<': signed/unsigned mismatch
  stat232a.vcxproj -> E:\courses\stat232b\Stat232b\AOG_part_local\Debug\AOG_part.exe
